Change component parameters: Designator = "C7" ("C7"); Footprint = "CAP_6.3_7.7"; UniqueID = "\JCSBJUIH" ("\JCSBJUIH")
Change component parameters (AddParameter): Name = "ERP"; Value = "1"; VariantName = "[No Variations]"
Change component parameters (AddParameter): Name = "Manufacturer 1"; Value = ""; VariantName = "[No Variations]"
Change component parameters (AddParameter): Name = "Manufacturer Part Number 1"; Value = ""; VariantName = "[No Variations]"
Change component parameters (AddParameter): Name = "Package"; Value = "6.3x7.7"; VariantName = "[No Variations]"
Change component parameters (AddParameter): Name = "Supplier 1"; Value = "Sharvi"; VariantName = "[No Variations]"
Change component parameters (AddParameter): Name = "Supplier Part Number 1"; Value = ""; VariantName = "[No Variations]"
Change component parameters (AddParameter): Name = "Value"; Value = "220uF"; VariantName = "[No Variations]"
Change component parameters: Designator = "C10" ("C10"); Footprint = "CAP_6.3_7.7"; UniqueID = "\USWAFKVQ" ("\USWAFKVQ")
Change component parameters (AddParameter): Name = "ERP"; Value = "1"; VariantName = "[No Variations]"
Change component parameters (AddParameter): Name = "Manufacturer 1"; Value = ""; VariantName = "[No Variations]"
Change component parameters (AddParameter): Name = "Manufacturer Part Number 1"; Value = ""; VariantName = "[No Variations]"
Change component parameters (AddParameter): Name = "Package"; Value = "6.3x7.7"; VariantName = "[No Variations]"
Change component parameters (AddParameter): Name = "Supplier 1"; Value = "Sharvi"; VariantName = "[No Variations]"
Change component parameters (AddParameter): Name = "Supplier Part Number 1"; Value = ""; VariantName = "[No Variations]"
Change component parameters (AddParameter): Name = "Value"; Value = "220uF"; VariantName = "[No Variations]"
Change component parameters: Designator = "D1" ("D1"); Footprint = "DIOM6959X26L"; UniqueID = "\VIKQBUII" ("\VIKQBUII")
Change component parameters (AddParameter): Name = "Manufacturer 1"; Value = "MDD"; VariantName = "[No Variations]"
Change component parameters (AddParameter): Name = "Manufacturer Part Number 1"; Value = "SS54C"; VariantName = "[No Variations]"
Change component parameters (AddParameter): Name = "Package"; Value = "SMC"; VariantName = "[No Variations]"
Change component parameters (AddParameter): Name = "Supplier  1"; Value = ""; VariantName = "[No Variations]"
Change component parameters (AddParameter): Name = "Supplier Part Number 1"; Value = ""; VariantName = "[No Variations]"
Change component parameters (AddParameter): Name = "Value"; Value = "SS54C"; VariantName = "[No Variations]"
Change component parameters: Designator = "D2" ("D2"); Footprint = "DIOM6959X26L"; UniqueID = "\LMZLOODU" ("\LMZLOODU")
Change component parameters (AddParameter): Name = "Manufacturer 1"; Value = "MDD"; VariantName = "[No Variations]"
Change component parameters (AddParameter): Name = "Manufacturer Part Number 1"; Value = "SS54C"; VariantName = "[No Variations]"
Change component parameters (AddParameter): Name = "Package"; Value = "SMC"; VariantName = "[No Variations]"
Change component parameters (AddParameter): Name = "Supplier  1"; Value = ""; VariantName = "[No Variations]"
Change component parameters (AddParameter): Name = "Supplier Part Number 1"; Value = ""; VariantName = "[No Variations]"
Change component parameters (AddParameter): Name = "Value"; Value = "SS54C"; VariantName = "[No Variations]"
Change component parameters: Designator = "D3" ("D3"); Footprint = "DIOM6959X26L"; UniqueID = "\ETTKGDZT" ("\ETTKGDZT")
Change component parameters (AddParameter): Name = "Manufacturer 1"; Value = "MDD"; VariantName = "[No Variations]"
Change component parameters (AddParameter): Name = "Manufacturer Part Number 1"; Value = "SS54C"; VariantName = "[No Variations]"
Change component parameters (AddParameter): Name = "Package"; Value = "SMC"; VariantName = "[No Variations]"
Change component parameters (AddParameter): Name = "Supplier  1"; Value = ""; VariantName = "[No Variations]"
Change component parameters (AddParameter): Name = "Supplier Part Number 1"; Value = ""; VariantName = "[No Variations]"
Change component parameters (AddParameter): Name = "Value"; Value = "SS54C"; VariantName = "[No Variations]"
Change component parameters: Designator = "D4" ("D4"); Footprint = "DIOM6959X26L"; UniqueID = "\XRHYMUOK" ("\XRHYMUOK")
Change component parameters (AddParameter): Name = "Manufacturer 1"; Value = "MDD"; VariantName = "[No Variations]"
Change component parameters (AddParameter): Name = "Manufacturer Part Number 1"; Value = "SS54C"; VariantName = "[No Variations]"
Change component parameters (AddParameter): Name = "Package"; Value = "SMC"; VariantName = "[No Variations]"
Change component parameters (AddParameter): Name = "Supplier  1"; Value = ""; VariantName = "[No Variations]"
Change component parameters (AddParameter): Name = "Supplier Part Number 1"; Value = ""; VariantName = "[No Variations]"
Change component parameters (AddParameter): Name = "Value"; Value = "SS54C"; VariantName = "[No Variations]"
