Removed Pin From Net: NetName=GND Pin=BAT1-1
Removed Pin From Net: NetName=GND Pin=BAT2-1
Removed Member From Class: ClassName=BAT1_Nets Member=PACK_MID
Removed Member From Class: ClassName=BAT2_Nets Member=PACK_MID
Added Pin To Net: NetName=GND Pin=BAT1-2
Added Pin To Net: NetName=GND Pin=BAT2-2
Added Pin To Net: NetName=NetBAT1_1 Pin=BAT1-1
Added Pin To Net: NetName=NetBAT1_1 Pin=BAT1-4
Added Net: Name=NetBAT1_1
Added Pin To Net: NetName=NetBAT2_1 Pin=BAT2-1
Added Pin To Net: NetName=NetBAT2_1 Pin=BAT2-4
Added Net: Name=NetBAT2_1
Added Member To Class: ClassName=POWER Member=Component BAT1 1049
Added Member To Class: ClassName=POWER Member=Component C2 MLCC_0805
Added Member To Class: ClassName=POWER Member=Component C6 MLCC_0603
Added Member To Class: ClassName=POWER Member=Component J4 ERP_148-2
Added Member To Class: ClassName=POWER Member=Component J6 ERP_148-2
Added Member To Class: ClassName=POWER Member=Component J8 ERP_148-2
Added Member To Class: ClassName=POWER Member=Component J10 ERP_148-2
Added Member To Class: ClassName=POWER Member=Component J11 ERP_148-2
Added Member To Class: ClassName=POWER Member=Component R9 ERP_101-1
Added Member To Class: ClassName=BAT1_Nets Member=Wire NetBAT1_1
Added Member To Class: ClassName=BAT2_Nets Member=Wire NetBAT2_1
Added Member To Class: ClassName=J1_Nets Member=Wire VCC
Added Member To Class: ClassName=J2_Nets Member=Wire VCC
Added Member To Class: ClassName=SW1_Nets Member=Wire VCC
Added Member To Class: ClassName=C1_Nets Member=Wire VIN
Added Member To Class: ClassName=C2_Nets Member=Wire VIN
Added Member To Class: ClassName=R1_Nets Member=Wire VIN
Added Member To Class: ClassName=R3_Nets Member=Wire VIN
Added Member To Class: ClassName=R6_Nets Member=Wire VIN
Added Member To Class: ClassName=SW1_Nets Member=Wire VIN
