Removed Member From Class: ClassName=J11_Nets Member=NetJ11_1
Added Component: Designator=R22(RES_0603)
Add component (AddParameter): Name = "Manufacturer 1"; Value = ""; VariantName = "[No Variations]"
Add component (AddParameter): Name = "Manufacturer Part Number 1"; Value = ""; VariantName = "[No Variations]"
Add component (AddParameter): Name = "Package"; Value = "0603"; VariantName = "[No Variations]"
Add component (AddParameter): Name = "Value"; Value = "2k2"; VariantName = "[No Variations]"
Added Component: Designator=R23(RES_0603)
Add component (AddParameter): Name = "Manufacturer 1"; Value = ""; VariantName = "[No Variations]"
Add component (AddParameter): Name = "Manufacturer Part Number 1"; Value = ""; VariantName = "[No Variations]"
Add component (AddParameter): Name = "Package"; Value = "0603"; VariantName = "[No Variations]"
Add component (AddParameter): Name = "Value"; Value = "1k"; VariantName = "[No Variations]"
Added Pin To Net: NetName=TP5100_BATT Pin=R22-2
Added Pin To Net: NetName=GND Pin=R23-1
Added Pin To Net: NetName=BATT_SOC Pin=J11-1
Added Pin To Net: NetName=BATT_SOC Pin=R22-1
Added Pin To Net: NetName=BATT_SOC Pin=R23-2
Added Net: Name=BATT_SOC
Added Class: Name=R22_Nets
Added Class: Name=R23_Nets
Added Member To Class: ClassName=POWER Member=Component R22 ERP_101-1
Added Member To Class: ClassName=POWER Member=Component R23 ERP_101-1
Added Member To Class: ClassName=J11_Nets Member=Wire BATT_SOC
