Change Component Footprint: Designator=C3 Old Footprint=CAPC1608X10N New Footprint=CAPC2012X13L
Change Component Footprint: Designator=C4 Old Footprint=CAPC1608X10N New Footprint=CAPC2012X13L
Change Component Footprint: Designator=C5 Old Footprint=CAPC1608X10N New Footprint=CAPC2012X13L
Change Component Footprint: Designator=C6 Old Footprint=CAPC1608X10N New Footprint=CAPC2012X13L
Change Component Comment : Designator=C3 Old Comment=MLCC_0603 New Comment=MLCC_0805
Change Component Comment : Designator=C4 Old Comment=MLCC_0603 New Comment=MLCC_0805
Change Component Comment : Designator=C5 Old Comment=MLCC_0603 New Comment=MLCC_0805
Change Component Comment : Designator=C6 Old Comment=MLCC_0603 New Comment=MLCC_0805
Change component parameters: Designator = "C3" ("C3"); Footprint = "CAPC1608X10N"; UniqueID = "\DMSVEVZG" ("\DMSVEVZG")
Change component parameters (AddParameter): Name = "Manufacturer 1"; Value = ""; VariantName = "[No Variations]"
Change component parameters (AddParameter): Name = "Manufacturer Part Number 1"; Value = ""; VariantName = "[No Variations]"
Change component parameters (AddParameter): Name = "Package"; Value = "0805"; VariantName = "[No Variations]"
Change component parameters (AddParameter): Name = "Value"; Value = "10uF"; VariantName = "[No Variations]"
Change component parameters: Designator = "C4" ("C4"); Footprint = "CAPC1608X10N"; UniqueID = "\DKYSYRND" ("\DKYSYRND")
Change component parameters (AddParameter): Name = "Manufacturer 1"; Value = ""; VariantName = "[No Variations]"
Change component parameters (AddParameter): Name = "Manufacturer Part Number 1"; Value = ""; VariantName = "[No Variations]"
Change component parameters (AddParameter): Name = "Package"; Value = "0805"; VariantName = "[No Variations]"
Change component parameters (AddParameter): Name = "Value"; Value = "100nF"; VariantName = "[No Variations]"
Change component parameters: Designator = "C5" ("C5"); Footprint = "CAPC1608X10N"; UniqueID = "\JLXWGBPQ" ("\JLXWGBPQ")
Change component parameters (AddParameter): Name = "Manufacturer 1"; Value = ""; VariantName = "[No Variations]"
Change component parameters (AddParameter): Name = "Manufacturer Part Number 1"; Value = ""; VariantName = "[No Variations]"
Change component parameters (AddParameter): Name = "Package"; Value = "0805"; VariantName = "[No Variations]"
Change component parameters (AddParameter): Name = "Value"; Value = "10uF"; VariantName = "[No Variations]"
Change component parameters: Designator = "C6" ("C6"); Footprint = "CAPC1608X10N"; UniqueID = "\STIVTUXN" ("\STIVTUXN")
Change component parameters (AddParameter): Name = "Manufacturer 1"; Value = ""; VariantName = "[No Variations]"
Change component parameters (AddParameter): Name = "Manufacturer Part Number 1"; Value = ""; VariantName = "[No Variations]"
Change component parameters (AddParameter): Name = "Package"; Value = "0805"; VariantName = "[No Variations]"
Change component parameters (AddParameter): Name = "Value"; Value = "100nF"; VariantName = "[No Variations]"
