Removed Member From Class: ClassName=R7_Nets Member=NetR6_2
Removed Member From Class: ClassName=R8_Nets Member=NetR7_2
Removed Member From Class: ClassName=R9_Nets Member=NetR8_2
Removed Member From Class: ClassName=U2_Nets Member=NetR8_2
Added Component: Designator=D2(DIOM6959X26L)
Add component (AddParameter): Name = "Manufacturer 1"; Value = ""; VariantName = "[No Variations]"
Add component (AddParameter): Name = "Manufacturer Part Number 1"; Value = "SS54"; VariantName = "[No Variations]"
Add component (AddParameter): Name = "Package"; Value = "SMC"; VariantName = "[No Variations]"
Add component (AddParameter): Name = "Supplier  1"; Value = "Sharvi"; VariantName = "[No Variations]"
Add component (AddParameter): Name = "Supplier Part Number 1"; Value = "ST2103SD0940"; VariantName = "[No Variations]"
Add component (AddParameter): Name = "Value"; Value = ""; VariantName = "[No Variations]"
Added Component: Designator=D3(DIOM6959X26L)
Add component (AddParameter): Name = "Manufacturer 1"; Value = ""; VariantName = "[No Variations]"
Add component (AddParameter): Name = "Manufacturer Part Number 1"; Value = "SS54"; VariantName = "[No Variations]"
Add component (AddParameter): Name = "Package"; Value = "SMC"; VariantName = "[No Variations]"
Add component (AddParameter): Name = "Supplier  1"; Value = "Sharvi"; VariantName = "[No Variations]"
Add component (AddParameter): Name = "Supplier Part Number 1"; Value = "ST2103SD0940"; VariantName = "[No Variations]"
Add component (AddParameter): Name = "Value"; Value = ""; VariantName = "[No Variations]"
Added Component: Designator=Q1(DPAK229P991X239-3M)
Add component (AddParameter): Name = "Manufacturer 1"; Value = "International Rectifier"; VariantName = "[No Variations]"
Add component (AddParameter): Name = "Manufacturer Part Number 1"; Value = "IRFR5305TRPBF"; VariantName = "[No Variations]"
Add component (AddParameter): Name = "Supplier 1"; Value = "Evelta"; VariantName = "[No Variations]"
Add component (AddParameter): Name = "Supplier Part Number 1"; Value = "066-IRFR5305TRPBF"; VariantName = "[No Variations]"
Add component (AddParameter): Name = "Value"; Value = ""; VariantName = "[No Variations]"
Added Component: Designator=Q2(MMBT2222)
Add component (AddParameter): Name = "ERP"; Value = ""; VariantName = "[No Variations]"
Add component (AddParameter): Name = "Manufacturer 1"; Value = ""; VariantName = "[No Variations]"
Add component (AddParameter): Name = "Manufacturer Part Number 1"; Value = ""; VariantName = "[No Variations]"
Add component (AddParameter): Name = "Package"; Value = "SOT23"; VariantName = "[No Variations]"
Add component (AddParameter): Name = "Supplier 1"; Value = ""; VariantName = "[No Variations]"
Add component (AddParameter): Name = "Suuplier Part Number 1"; Value = ""; VariantName = "[No Variations]"
Add component (AddParameter): Name = "Value"; Value = "MMBT2222A"; VariantName = "[No Variations]"
Added Component: Designator=Q3(DPAK229P991X239-3M)
Add component (AddParameter): Name = "Manufacturer 1"; Value = "International Rectifier"; VariantName = "[No Variations]"
Add component (AddParameter): Name = "Manufacturer Part Number 1"; Value = "IRFR5305TRPBF"; VariantName = "[No Variations]"
Add component (AddParameter): Name = "Supplier 1"; Value = "Evelta"; VariantName = "[No Variations]"
Add component (AddParameter): Name = "Supplier Part Number 1"; Value = "066-IRFR5305TRPBF"; VariantName = "[No Variations]"
Add component (AddParameter): Name = "Value"; Value = ""; VariantName = "[No Variations]"
Added Component: Designator=R11(RES_0603)
Add component (AddParameter): Name = "Manufacturer 1"; Value = ""; VariantName = "[No Variations]"
Add component (AddParameter): Name = "Manufacturer Part Number 1"; Value = ""; VariantName = "[No Variations]"
Add component (AddParameter): Name = "Package"; Value = "0603"; VariantName = "[No Variations]"
Add component (AddParameter): Name = "Value"; Value = "100k"; VariantName = "[No Variations]"
Added Component: Designator=R12(RES_0603)
Add component (AddParameter): Name = "Manufacturer 1"; Value = ""; VariantName = "[No Variations]"
Add component (AddParameter): Name = "Manufacturer Part Number 1"; Value = ""; VariantName = "[No Variations]"
Add component (AddParameter): Name = "Package"; Value = "0603"; VariantName = "[No Variations]"
Add component (AddParameter): Name = "Value"; Value = "0R"; VariantName = "[No Variations]"
Added Component: Designator=R13(RES_0603)
Add component (AddParameter): Name = "Manufacturer 1"; Value = ""; VariantName = "[No Variations]"
Add component (AddParameter): Name = "Manufacturer Part Number 1"; Value = ""; VariantName = "[No Variations]"
Add component (AddParameter): Name = "Package"; Value = "0603"; VariantName = "[No Variations]"
Add component (AddParameter): Name = "Value"; Value = "1k"; VariantName = "[No Variations]"
Added Component: Designator=R14(RES_0603)
Add component (AddParameter): Name = "Manufacturer 1"; Value = ""; VariantName = "[No Variations]"
Add component (AddParameter): Name = "Manufacturer Part Number 1"; Value = ""; VariantName = "[No Variations]"
Add component (AddParameter): Name = "Package"; Value = "0603"; VariantName = "[No Variations]"
Add component (AddParameter): Name = "Value"; Value = "0R"; VariantName = "[No Variations]"
Added Component: Designator=R15(RES_0603)
Add component (AddParameter): Name = "Manufacturer 1"; Value = ""; VariantName = "[No Variations]"
Add component (AddParameter): Name = "Manufacturer Part Number 1"; Value = ""; VariantName = "[No Variations]"
Add component (AddParameter): Name = "Package"; Value = "0603"; VariantName = "[No Variations]"
Add component (AddParameter): Name = "Value"; Value = "NM"; VariantName = "[No Variations]"
Added Component: Designator=R16(RES_0603)
Add component (AddParameter): Name = "Manufacturer 1"; Value = ""; VariantName = "[No Variations]"
Add component (AddParameter): Name = "Manufacturer Part Number 1"; Value = ""; VariantName = "[No Variations]"
Add component (AddParameter): Name = "Package"; Value = "0603"; VariantName = "[No Variations]"
Add component (AddParameter): Name = "Value"; Value = "1k"; VariantName = "[No Variations]"
Added Component: Designator=ZD1(SOD323)
Add component (AddParameter): Name = "Manufacturer 1"; Value = ""; VariantName = "[No Variations]"
Add component (AddParameter): Name = "Manufacturer Part Number 1"; Value = ""; VariantName = "[No Variations]"
Add component (AddParameter): Name = "Supplier 1"; Value = "Evelta"; VariantName = "[No Variations]"
Add component (AddParameter): Name = "Supplier Part Number 1"; Value = "273-MM3Z15B"; VariantName = "[No Variations]"
Add component (AddParameter): Name = "Value"; Value = "15V"; VariantName = "[No Variations]"
Added Component: Designator=ZD2(SOD323)
Add component (AddParameter): Name = "Manufacturer 1"; Value = ""; VariantName = "[No Variations]"
Add component (AddParameter): Name = "Manufacturer Part Number 1"; Value = ""; VariantName = "[No Variations]"
Add component (AddParameter): Name = "Supplier 1"; Value = "Evelta"; VariantName = "[No Variations]"
Add component (AddParameter): Name = "Supplier Part Number 1"; Value = "273-MM3Z15B"; VariantName = "[No Variations]"
Add component (AddParameter): Name = "Value"; Value = "15V"; VariantName = "[No Variations]"
Added Pin To Net: NetName=12V0 Pin=D2-1
Added Pin To Net: NetName=12V0 Pin=D3-1
Added Pin To Net: NetName=VIN Pin=Q1-3
Added Pin To Net: NetName=TP5100_BATT Pin=Q2-3
Added Pin To Net: NetName=TP5100_BATT Pin=Q3-3
Added Pin To Net: NetName=GND Pin=R11-1
Added Pin To Net: NetName=VIN Pin=R11-2
Added Pin To Net: NetName=GND Pin=R12-1
Added Pin To Net: NetName=VIN Pin=R13-2
Added Pin To Net: NetName=GND Pin=R15-2
Added Pin To Net: NetName=GND Pin=R16-2
Added Pin To Net: NetName=VIN Pin=ZD1-1
Added Pin To Net: NetName=GND Pin=ZD1-2
Added Pin To Net: NetName=TP5100_BATT Pin=ZD2-1
Added Pin To Net: NetName=NetD2_2 Pin=D2-2
Added Pin To Net: NetName=NetD2_2 Pin=Q1-2
Added Net: Name=NetD2_2
Added Pin To Net: NetName=NetD3_2 Pin=D3-2
Added Pin To Net: NetName=NetD3_2 Pin=Q3-2
Added Net: Name=NetD3_2
Added Pin To Net: NetName=NetQ1_1 Pin=Q1-1
Added Pin To Net: NetName=NetQ1_1 Pin=R12-2
Added Net: Name=NetQ1_1
Added Pin To Net: NetName=NetQ2_1 Pin=Q2-1
Added Pin To Net: NetName=NetQ2_1 Pin=R13-1
Added Pin To Net: NetName=NetQ2_1 Pin=R15-1
Added Net: Name=NetQ2_1
Added Pin To Net: NetName=NetQ2_2 Pin=Q2-2
Added Pin To Net: NetName=NetQ2_2 Pin=R14-1
Added Pin To Net: NetName=NetQ2_2 Pin=R16-1
Added Pin To Net: NetName=NetQ2_2 Pin=ZD2-2
Added Net: Name=NetQ2_2
Added Pin To Net: NetName=NetQ3_1 Pin=Q3-1
Added Pin To Net: NetName=NetQ3_1 Pin=R14-2
Added Net: Name=NetQ3_1
Added Class: Name=D2_Nets
Added Class: Name=D3_Nets
Added Class: Name=Q1_Nets
Added Class: Name=Q2_Nets
Added Class: Name=Q3_Nets
Added Class: Name=R11_Nets
Added Class: Name=R12_Nets
Added Class: Name=R13_Nets
Added Class: Name=R14_Nets
Added Class: Name=R15_Nets
Added Class: Name=R16_Nets
Added Class: Name=ZD1_Nets
Added Class: Name=ZD2_Nets
Added Member To Class: ClassName=POWER Member=Component C2 ERP_102-2
Added Member To Class: ClassName=POWER Member=Component D2 ERP_104-3
Added Member To Class: ClassName=POWER Member=Component D3 ERP_104-3
Added Member To Class: ClassName=POWER Member=Component Q1 IRFR5305TRPBF
Added Member To Class: ClassName=POWER Member=Component Q2 ERP_105-1
Added Member To Class: ClassName=POWER Member=Component Q3 IRFR5305TRPBF
Added Member To Class: ClassName=POWER Member=Component R10 ERP_101-1
Added Member To Class: ClassName=POWER Member=Component R11 ERP_101-1
Added Member To Class: ClassName=POWER Member=Component R12 ERP_101-1
Added Member To Class: ClassName=POWER Member=Component R13 ERP_101-1
Added Member To Class: ClassName=POWER Member=Component R14 ERP_101-1
Added Member To Class: ClassName=POWER Member=Component R15 ERP_101-1
Added Member To Class: ClassName=POWER Member=Component R16 ERP_101-1
Added Member To Class: ClassName=POWER Member=Component ZD1 MM3Z
Added Member To Class: ClassName=POWER Member=Component ZD2 MM3Z
Added Member To Class: ClassName=R7_Nets Member=Wire NetR7_2
Added Member To Class: ClassName=R8_Nets Member=Wire NetR8_2
Added Member To Class: ClassName=U1_Nets Member=Wire NetR8_2
Added Member To Class: ClassName=R9_Nets Member=Wire NetR9_2
Added Member To Class: ClassName=U2_Nets Member=Wire NetR9_2
