Removed Pin From Net: NetName=12V0 Pin=J5-1
Removed Pin From Net: NetName=12V0 Pin=J5-2
Removed Pin From Net: NetName=12V0 Pin=J5-3
Removed Pin From Net: NetName=12V0 Pin=J5-4
Removed Pin From Net: NetName=12V0 Pin=J5-5
Removed Pin From Net: NetName=12V0 Pin=J5-6
Removed Pin From Net: NetName=GND Pin=J8-1
Removed Pin From Net: NetName=GND Pin=J8-2
Removed Pin From Net: NetName=GND Pin=J8-3
Removed Pin From Net: NetName=GND Pin=J8-4
Removed Pin From Net: NetName=GND Pin=J8-5
Removed Pin From Net: NetName=GND Pin=J8-6
Removed Member From Class: ClassName=J5_Nets Member=12V0
Removed Member From Class: ClassName=J8_Nets Member=GND
Added Pin To Net: NetName=GND Pin=J5-1
Added Pin To Net: NetName=GND Pin=J5-2
Added Pin To Net: NetName=GND Pin=J5-3
Added Pin To Net: NetName=GND Pin=J5-4
Added Pin To Net: NetName=GND Pin=J5-5
Added Pin To Net: NetName=GND Pin=J5-6
Added Pin To Net: NetName=12V0 Pin=J8-1
Added Pin To Net: NetName=12V0 Pin=J8-2
Added Pin To Net: NetName=12V0 Pin=J8-3
Added Pin To Net: NetName=12V0 Pin=J8-4
Added Pin To Net: NetName=12V0 Pin=J8-5
Added Pin To Net: NetName=12V0 Pin=J8-6
Added Member To Class: ClassName=J8_Nets Member=Wire 12V0
Added Member To Class: ClassName=J5_Nets Member=Wire GND
