Removed Member From Class: ClassName=J3_Nets Member=GND
Removed Member From Class: ClassName=J3_Nets Member=NetJ3_2
Removed Member From Class: ClassName=R11_Nets Member=NetJ3_2
Removed Member From Class: ClassName=U1_Nets Member=NetJ3_2
Change Component Designator: OldDesignator=J3 NewDesignator=J2
Change Component Designator: OldDesignator=J4 NewDesignator=J3
Change Component Designator: OldDesignator=J5 NewDesignator=J4
Change Component Designator: OldDesignator=J6 NewDesignator=J5
Change Component Designator: OldDesignator=J7 NewDesignator=J6
Change Component Designator: OldDesignator=J8 NewDesignator=J7
Change Component Designator: OldDesignator=J9 NewDesignator=J8
Change Component Designator: OldDesignator=J10 NewDesignator=J9
Change Component Designator: OldDesignator=J11 NewDesignator=J10
Change Component Designator: OldDesignator=J12 NewDesignator=J11
Change Net Name : Old Net Name=NetJ3_2 New Net Name=NetJ2_2
Change Net Name : Old Net Name=NetJ12_3 New Net Name=NetJ11_3
Change Net Name : Old Net Name=NetJ12_4 New Net Name=NetJ11_4
Change Net Name : Old Net Name=NetJ12_5 New Net Name=NetJ11_5
Change Net Name : Old Net Name=NetJ12_6 New Net Name=NetJ11_6
Change Class Name : Old Net Name=J11_Nets New Net Name=J6_Nets
Added Class: Name=J2_Nets
Added Class: Name=J11_Nets
Added Member To Class: ClassName=J3_Nets Member=Wire 12V0
Added Member To Class: ClassName=R11_Nets Member=Wire NetJ2_2
Added Member To Class: ClassName=U1_Nets Member=Wire NetJ2_2
