Removed Member From Class: ClassName=R15_Nets Member=GND
Removed Member From Class: ClassName=Q3_Nets Member=NetC7_1
Removed Member From Class: ClassName=R17_Nets Member=NetC8_1
Removed Member From Class: ClassName=R13_Nets Member=NetQ2_1
Removed Member From Class: ClassName=Q2_Nets Member=NetQ2_3
Removed Member From Class: ClassName=R14_Nets Member=NetQ2_3
Removed Member From Class: ClassName=R16_Nets Member=NetQ2_3
Removed Member From Class: ClassName=ZD2_Nets Member=NetQ2_3
Removed Member From Class: ClassName=R14_Nets Member=NetQ3_1
Removed Member From Class: ClassName=U2_Nets Member=NetR9_2
Removed Member From Class: ClassName=R18_Nets Member=NetR17_2
Removed Member From Class: ClassName=R18_Nets Member=NetR18_2
Removed Member From Class: ClassName=R19_Nets Member=NetR18_2
Removed Member From Class: ClassName=U3_Nets Member=NetR18_2
Change Component Designator: OldDesignator=Q2 NewDesignator=Q3
Change Component Designator: OldDesignator=Q3 NewDesignator=Q2
Change Component Designator: OldDesignator=R9 NewDesignator=R10
Change Component Designator: OldDesignator=R10 NewDesignator=R9
Change Component Designator: OldDesignator=R14 NewDesignator=R15
Change Component Designator: OldDesignator=R15 NewDesignator=R16
Change Component Designator: OldDesignator=R16 NewDesignator=R18
Change Component Designator: OldDesignator=R17 NewDesignator=R14
Change Component Designator: OldDesignator=R18 NewDesignator=R17
Change Net Name : Old Net Name=NetQ2_1 New Net Name=NetQ3_1
Change Net Name : Old Net Name=NetQ2_3 New Net Name=NetQ3_3
Change Net Name : Old Net Name=NetQ3_1 New Net Name=NetQ2_1
Change Net Name : Old Net Name=NetR9_2 New Net Name=NetR10_2
Change Net Name : Old Net Name=NetR17_2 New Net Name=NetR14_2
Change Net Name : Old Net Name=NetR18_2 New Net Name=NetR17_2
Change Class Name : Old Net Name=R10_Nets New Net Name=R9_Nets
Added Class: Name=R10_Nets
Added Member To Class: ClassName=R18_Nets Member=Wire GND
Added Member To Class: ClassName=Q2_Nets Member=Wire NetC7_1
Added Member To Class: ClassName=R14_Nets Member=Wire NetC8_1
Added Member To Class: ClassName=R13_Nets Member=Wire NetQ3_1
Added Member To Class: ClassName=R16_Nets Member=Wire NetQ3_1
Added Member To Class: ClassName=Q3_Nets Member=Wire NetQ3_3
Added Member To Class: ClassName=R15_Nets Member=Wire NetQ3_3
Added Member To Class: ClassName=R18_Nets Member=Wire NetQ3_3
Added Member To Class: ClassName=ZD2_Nets Member=Wire NetQ3_3
Added Member To Class: ClassName=U2_Nets Member=Wire NetR10_2
Added Member To Class: ClassName=R14_Nets Member=Wire NetR14_2
Added Member To Class: ClassName=R17_Nets Member=Wire NetR14_2
Added Member To Class: ClassName=R19_Nets Member=Wire NetR17_2
Added Member To Class: ClassName=U3_Nets Member=Wire NetR17_2
