Change Component Footprint: Designator=C10 Old Footprint=CAPC1608X10N New Footprint=CAPC2012X13L
Change Component Footprint: Designator=C11 Old Footprint=CAPC1608X10N New Footprint=CAPC2012X13L
Change Component Comment : Designator=C10 Old Comment=MLCC_0603 New Comment=MLCC_0805
Change Component Comment : Designator=C11 Old Comment=MLCC_0603 New Comment=MLCC_0805
Change component parameters: Designator = "C10" ("C10"); Footprint = "CAPC1608X10N"; UniqueID = "\SJEBNVFS" ("\SJEBNVFS")
Change component parameters (AddParameter): Name = "Manufacturer 1"; Value = ""; VariantName = "[No Variations]"
Change component parameters (AddParameter): Name = "Manufacturer Part Number 1"; Value = ""; VariantName = "[No Variations]"
Change component parameters (AddParameter): Name = "Package"; Value = "0805"; VariantName = "[No Variations]"
Change component parameters (AddParameter): Name = "Value"; Value = "100nF"; VariantName = "[No Variations]"
Change component parameters: Designator = "C11" ("C11"); Footprint = "CAPC1608X10N"; UniqueID = "\DMNGUGZH" ("\DMNGUGZH")
Change component parameters (AddParameter): Name = "Manufacturer 1"; Value = ""; VariantName = "[No Variations]"
Change component parameters (AddParameter): Name = "Manufacturer Part Number 1"; Value = ""; VariantName = "[No Variations]"
Change component parameters (AddParameter): Name = "Package"; Value = "0805"; VariantName = "[No Variations]"
Change component parameters (AddParameter): Name = "Value"; Value = "100nF"; VariantName = "[No Variations]"
Added Member To Class: ClassName=POWER Member=Component C4 MLCC_0805
Added Member To Class: ClassName=POWER Member=Component C6 MLCC_0805
Added Member To Class: ClassName=POWER Member=Component C8 ERP_102-2
Added Member To Class: ClassName=POWER Member=Component C10 MLCC_0805
Added Member To Class: ClassName=POWER Member=Component J4 ERP_148-2
Added Member To Class: ClassName=POWER Member=Component J7 ERP_148-2
Added Member To Class: ClassName=POWER Member=Component J10 ERP_148-2
Added Member To Class: ClassName=POWER Member=Component R10 ERP_101-1
Added Member To Class: ClassName=POWER Member=Component R12 ERP_101-1
Added Member To Class: ClassName=POWER Member=Component R14 ERP_101-1
Added Member To Class: ClassName=POWER Member=Component R16 ERP_101-1
Added Member To Class: ClassName=POWER Member=Component R19 ERP_101-1
Added Member To Class: ClassName=POWER Member=Component R22 ERP_101-1
Added Member To Class: ClassName=POWER Member=Component TP5 TP_1MM
Added Member To Class: ClassName=POWER Member=Component TP6 TP_1MM
